\BOOKMARK [0][-]{section*.3}{\376\377\000L\036\335\000i\000\040\000c\000a\000m\000\040\001\021\000o\000a\000n}{}% 1
\BOOKMARK [0][-]{section*.4}{\376\377\000L\036\335\000i\000\040\000c\036\243\000m\000\040\001\241\000n}{}% 2
\BOOKMARK [0][-]{section*.5}{\376\377\000T\000\363\000m\000\040\000t\036\257\000t\000\040\001\021\036\301\000\040\000t\000\340\000i}{}% 3
\BOOKMARK [0][-]{chapter*.6}{\376\377\000M\036\345\000c\000\040\000l\036\345\000c}{}% 4
\BOOKMARK [0][-]{chapter*.7}{\376\377\000D\000a\000n\000h\000\040\000s\000\341\000c\000h\000\040\000h\000\354\000n\000h\000\040\000v\036\275}{}% 5
\BOOKMARK [0][-]{chapter*.8}{\376\377\000D\000a\000n\000h\000\040\000s\000\341\000c\000h\000\040\000b\000a\000n\000g}{}% 6
\BOOKMARK [0][-]{chapter.1}{\376\377\000G\000i\036\333\000i\000\040\000t\000h\000i\036\307\000u}{}% 7
\BOOKMARK [1][-]{section.1.1}{\376\377\000\302\000m\000\040\000t\000h\000a\000n\000h}{chapter.1}% 8
\BOOKMARK [1][-]{section.1.2}{\376\377\001\020\036\267\000t\000\040\000v\036\245\000n\000\040\001\021\036\301}{chapter.1}% 9
\BOOKMARK [1][-]{section.1.3}{\376\377\000M\036\345\000c\000\040\000t\000i\000\352\000u\000\040\000v\000\340\000\040\000n\000h\000i\036\307\000m\000\040\000v\036\345\000\040\001\021\036\301\000\040\000t\000\340\000i}{chapter.1}% 10
\BOOKMARK [1][-]{section.1.4}{\376\377\000K\036\277\000t\000\040\000q\000u\036\243\000\040\000m\000o\000n\000g\000\040\001\021\036\343\000i}{chapter.1}% 11
\BOOKMARK [1][-]{section.1.5}{\376\377\000\335\000\040\000n\000g\000h\001\051\000a\000\040\000c\036\347\000a\000\040\001\021\036\301\000\040\000t\000\340\000i}{chapter.1}% 12
\BOOKMARK [1][-]{section.1.6}{\376\377\000C\036\245\000u\000\040\000t\000r\000\372\000c\000\040\000l\000u\036\255\000n\000\040\000v\001\003\000n}{chapter.1}% 13
\BOOKMARK [0][-]{chapter.2}{\376\377\000X\036\355\000\040\000l\000\375\000\040\000t\000\355\000n\000\040\000h\000i\036\307\000u\000\040\000s\036\321}{}% 14
\BOOKMARK [1][-]{section.2.1}{\376\377\000P\000h\000\351\000p\000\040\000b\000i\036\277\000n\000\040\001\021\036\325\000i\000\040\000F\000o\000u\000r\000i\000e\000r\000\040\000t\000h\036\335\000i\000\040\000g\000i\000a\000n\000\040\000n\000g\036\257\000n}{chapter.2}% 15
\BOOKMARK [2][-]{subsection.2.1.1}{\376\377\001\020\036\313\000n\000h\000\040\000n\000g\000h\001\051\000a}{section.2.1}% 16
\BOOKMARK [2][-]{subsection.2.1.2}{\376\377\000H\000\340\000m\000\040\000c\036\355\000a\000\040\000s\036\325}{section.2.1}% 17
\BOOKMARK [2][-]{subsection.2.1.3}{\376\377\000P\000h\001\260\001\241\000n\000g\000\040\000p\000h\000\341\000p\000\040\000O\000v\000e\000r\000l\000a\000p\000\040\000A\000d\000d}{section.2.1}% 18
\BOOKMARK [1][-]{section.2.2}{\376\377\000B\000i\036\277\000n\000\040\001\021\036\325\000i\000\040\000F\000o\000u\000r\000i\000e\000r\000\040\000r\036\335\000i\000\040\000r\036\241\000c}{chapter.2}% 19
\BOOKMARK [2][-]{subsection.2.2.1}{\376\377\001\020\036\313\000n\000h\000\040\000n\000g\000h\001\051\000a}{section.2.2}% 20
\BOOKMARK [2][-]{subsection.2.2.2}{\376\377\000B\000i\036\277\000n\000\040\001\021\036\325\000i\000\040\000F\000o\000u\000r\000i\000e\000r\000\040\000n\000h\000a\000n\000h}{section.2.2}% 21
\BOOKMARK [0][-]{chapter.3}{\376\377\000\302\000m\000\040\000h\036\315\000c}{}% 22
\BOOKMARK [1][-]{section.3.1}{\376\377\000\302\000m\000\040\000t\000h\000a\000n\000h}{chapter.3}% 23
\BOOKMARK [2][-]{subsection.3.1.1}{\376\377\000S\036\361\000\040\000h\000\354\000n\000h\000\040\000t\000h\000\340\000n\000h\000\040\000s\000\363\000n\000g\000\040\000\342\000m}{section.3.1}% 24
\BOOKMARK [2][-]{subsection.3.1.2}{\376\377\000C\000\341\000c\000\040\000b\000i\036\303\000u\000\040\000d\000i\036\305\000n\000\040\000c\036\347\000a\000\040\000\342\000m\000\040\000t\000h\000a\000n\000h}{section.3.1}% 25
\BOOKMARK [2][-]{subsection.3.1.3}{\376\377\000D\000\343\000y\000\040\000k\000h\000o\036\243\000n\000g\000\040\000t\000\341\000m\000\040\000v\000\340\000\040\000d\000\343\000y\000\040\000k\000h\000o\036\243\000n\000g\000\040\000t\000\341\000m\000\040\000l\036\273}{section.3.1}% 26
\BOOKMARK [2][-]{subsection.3.1.4}{\376\377\000T\036\247\000n\000\040\000s\036\321\000\040\000c\036\243\000m\000\040\000n\000h\036\255\000n}{section.3.1}% 27
\BOOKMARK [2][-]{subsection.3.1.5}{\376\377\000T\000h\000a\000n\000g\000\040\001\021\000o\000\040\001\021\036\331\000\040\000t\000o\000\040\000c\036\347\000a\000\040\000\342\000m\000\040\000t\000h\000a\000n\000h}{section.3.1}% 28
\BOOKMARK [1][-]{section.3.2}{\376\377\001\020\000\341\000n\000h\000\040\000g\000i\000\341\000\040\000c\000h\036\245\000t\000\040\000l\001\260\036\343\000n\000g\000\040\000\342\000m\000\040\000t\000h\000a\000n\000h}{chapter.3}% 29
\BOOKMARK [2][-]{subsection.3.2.1}{\376\377\000C\000\341\000c\000\040\000n\000h\000\342\000n\000\040\000t\036\321\000\040\036\243\000n\000h\000\040\000h\001\260\036\337\000n\000g\000\040\000t\036\333\000i\000\040\000c\000h\036\245\000t\000\040\000l\001\260\036\343\000n\000g\000\040\000\342\000m\000\040\000t\000h\000a\000n\000h}{section.3.2}% 30
\BOOKMARK [2][-]{subsection.3.2.2}{\376\377\000T\000h\000a\000n\000g\000\040\001\021\000o\000\040\000M\000e\000a\000n\000\040\000O\000p\000i\000n\000i\000o\000n\000\040\000S\000c\000o\000r\000e}{section.3.2}% 31
\BOOKMARK [2][-]{subsection.3.2.3}{\376\377\000S\000h\000o\000r\000t\000-\000t\000i\000m\000e\000\040\000O\000b\000j\000e\000c\000t\000i\000v\000e\000\040\000I\000n\000t\000e\000L\000i\000g\000i\000b\000i\000l\000i\000t\000y\000\040\000M\000e\000a\000s\000u\000r\000e\000m\000e\000n\000t}{section.3.2}% 32
\BOOKMARK [2][-]{subsection.3.2.4}{\376\377\000P\000e\000r\000c\000e\000p\000t\000u\000a\000l\000\040\000E\000v\000a\000l\000u\000a\000t\000i\000o\000n\000\040\000o\000f\000\040\000S\000p\000e\000e\000c\000h\000\040\000Q\000u\000a\000l\000i\000t\000y}{section.3.2}% 33
\BOOKMARK [2][-]{subsection.3.2.5}{\376\377\000A\000\040\000N\000o\000n\000-\000I\000n\000t\000r\000u\000s\000i\000v\000e\000\040\000P\000e\000r\000c\000e\000p\000t\000u\000a\000l\000\040\000O\000b\000j\000e\000c\000t\000i\000v\000e\000\040\000S\000p\000e\000e\000c\000h\000\040\000Q\000u\000a\000l\000i\000t\000y\000\040\000M\000e\000t\000r\000i\000c}{section.3.2}% 34
\BOOKMARK [0][-]{chapter.4}{\376\377\000H\036\315\000c\000\040\000s\000\342\000u}{}% 35
\BOOKMARK [1][-]{section.4.1}{\376\377\000M\036\241\000n\000g\000\040\000h\036\323\000i\000\040\000q\000u\000y}{chapter.4}% 36
\BOOKMARK [1][-]{section.4.2}{\376\377\000L\000o\000n\000g\000\040\000s\000h\000o\000r\000t\000\040\000t\000e\000r\000m\000\040\000m\000e\000m\000o\000r\000y}{chapter.4}% 37
\BOOKMARK [0][-]{chapter.5}{\376\377\000C\000\341\000c\000\040\000c\000\364\000n\000g\000\040\000t\000r\000\354\000n\000h\000\040\000n\000g\000h\000i\000\352\000n\000\040\000c\036\351\000u\000\040\000l\000i\000\352\000n\000\040\000q\000u\000a\000n}{}% 38
\BOOKMARK [1][-]{section.5.1}{\376\377\000C\000\341\000c\000h\000\040\000t\000i\036\277\000p\000\040\000c\036\255\000n\000\040\000c\036\325\000\040\001\021\000i\036\303\000n}{chapter.5}% 39
\BOOKMARK [1][-]{section.5.2}{\376\377\000T\000i\036\277\000p\000\040\000c\036\255\000n\000\040\000t\000h\000e\000o\000\040\000b\036\261\000n\000g\000\040\000h\036\315\000c\000\040\000s\000\342\000u}{chapter.5}% 40
\BOOKMARK [2][-]{subsection.5.2.1}{\376\377\000M\000a\000s\000k\000\040\000s\036\321\000\040\000t\000h\036\361\000c\000\040\000t\000r\000\352\000n\000\040\000m\000i\036\301\000n\000\040\000t\036\247\000n\000\040\000s\036\321\000\040\000t\000h\036\335\000i\000\040\000g\000i\000a\000n}{section.5.2}% 41
\BOOKMARK [2][-]{subsection.5.2.2}{\376\377\000M\000a\000s\000k\000\040\000s\036\321\000\040\000p\000h\036\351\000c\000\040\000t\000r\000\352\000n\000\040\000m\000i\036\301\000n\000\040\000t\036\247\000n\000\040\000s\036\321\000\040\000t\000h\036\335\000i\000\040\000g\000i\000a\000n}{section.5.2}% 42
\BOOKMARK [1][-]{section.5.3}{\376\377\001\020\036\301\000\040\000x\000u\036\245\000t\000\040\000h\000\340\000m\000\040\000m\036\245\000t\000\040\000m\000\341\000t\000\040\000v\000\340\000\040\000m\000\364\000\040\000h\000\354\000n\000h}{chapter.5}% 43
\BOOKMARK [2][-]{subsection.5.3.1}{\376\377\000H\000\340\000m\000\040\000m\036\245\000t\000\040\000m\000\341\000t\000\040\001\021\036\301\000\040\000x\000u\036\245\000t}{section.5.3}% 44
\BOOKMARK [2][-]{subsection.5.3.2}{\376\377\000M\000\364\000\040\000h\000\354\000n\000h\000\040\001\021\036\301\000\040\000x\000u\036\245\000t}{section.5.3}% 45
\BOOKMARK [0][-]{chapter.6}{\376\377\000P\000h\000\342\000n\000\040\000t\000\355\000c\000h\000\040\000t\000h\000i\036\277\000t\000\040\000k\036\277\000\040\000h\036\307\000\040\000t\000h\036\321\000n\000g}{}% 46
\BOOKMARK [1][-]{section.6.1}{\376\377\000Y\000\352\000u\000\040\000c\036\247\000u\000\040\000h\036\307\000\040\000t\000h\036\321\000n\000g}{chapter.6}% 47
\BOOKMARK [1][-]{section.6.2}{\376\377\000H\036\307\000\040\000t\000h\036\321\000n\000g\000\040\000l\036\315\000c\000\040\000n\000h\000i\036\305\000u\000\040\000t\001\051\000n\000h}{chapter.6}% 48
\BOOKMARK [1][-]{section.6.3}{\376\377\000H\036\307\000\040\000t\000h\036\321\000n\000g\000\040\000l\036\315\000c\000\040\000n\000h\000i\036\305\000u\000\040\001\021\036\331\000n\000g}{chapter.6}% 49
\BOOKMARK [0][-]{chapter.7}{\376\377\000T\000h\036\361\000c\000\040\000n\000g\000h\000i\036\307\000m\000\040\000v\000\340\000\040\000k\036\277\000t\000\040\000q\000u\036\243}{}% 50
\BOOKMARK [1][-]{section.7.1}{\376\377\000C\000h\000u\036\251\000n\000\040\000b\036\313\000\040\000d\036\357\000\040\000l\000i\036\307\000u}{chapter.7}% 51
\BOOKMARK [1][-]{section.7.2}{\376\377\000M\036\331\000t\000\040\000s\036\321\000\040\000k\036\277\000t\000\040\000q\000u\036\243\000\040\000c\036\347\000a\000\040\000m\000\364\000\040\000h\000\354\000n\000h\000\040\000l\036\315\000c\000\040\000n\000h\000i\036\305\000u}{chapter.7}% 52
\BOOKMARK [1][-]{section.7.3}{\376\377\000M\036\331\000t\000\040\000s\036\321\000\040\000k\036\277\000t\000\040\000q\000u\036\243\000\040\000c\036\347\000a\000\040\036\351\000n\000g\000\040\000d\036\345\000n\000g\000\040\000l\036\315\000c\000\040\000n\000h\000i\036\305\000u}{chapter.7}% 53
\BOOKMARK [0][-]{chapter.8}{\376\377\000T\036\325\000n\000g\000\040\000k\036\277\000t}{}% 54
\BOOKMARK [1][-]{section.8.1}{\376\377\000K\036\277\000t\000\040\000q\000u\036\243\000\040\001\021\036\241\000t\000\040\001\021\001\260\036\343\000c}{chapter.8}% 55
\BOOKMARK [1][-]{section.8.2}{\376\377\000H\036\241\000n\000\040\000c\000h\036\277\000\040\000v\000\340\000\040\000h\001\260\036\333\000n\000g\000\040\000p\000h\000\341\000t\000\040\000t\000r\000i\036\303\000n}{chapter.8}% 56
\BOOKMARK [0][-]{chapter*.196}{\376\377\000T\000\340\000i\000\040\000l\000i\003\043\000u\000\040\000t\000h\000a\000m\000\040\000k\000h\000a\000o}{}% 57
\BOOKMARK [0][-]{appendix.A}{\376\377\000B\000i\036\277\000n\000\040\001\021\036\325\000i\000\040\000F\000o\000u\000r\000i\000e\000r}{}% 58
\BOOKMARK [1][-]{section.A.1}{\376\377\000P\000h\000\351\000p\000\040\000b\000i\036\277\000n\000\040\001\021\036\325\000i\000\040\000F\000o\000u\000r\000i\000e\000r}{appendix.A}% 59
\BOOKMARK [2][-]{subsection.A.1.1}{\376\377\001\020\036\313\000n\000h\000\040\000n\000g\000h\001\051\000a\000\040\000v\000\340\000\040\000v\000\355\000\040\000d\036\345}{section.A.1}% 60
\BOOKMARK [2][-]{subsection.A.1.2}{\376\377\000B\036\243\000n\000\040\000c\000h\036\245\000t\000\040\000c\036\347\000a\000\040\000b\000i\036\277\000n\000\040\001\021\036\325\000i\000\040\000F\000o\000u\000r\000i\000e\000r}{section.A.1}% 61
\BOOKMARK [2][-]{subsection.A.1.3}{\376\377\000P\000h\000\351\000p\000\040\000b\000i\036\277\000n\000\040\001\021\036\325\000i\000\040\000F\000o\000u\000r\000i\000e\000r\000\040\000n\000g\001\260\036\343\000c}{section.A.1}% 62
\BOOKMARK [1][-]{section.A.2}{\376\377\000B\000i\036\277\000n\000\040\001\021\036\325\000i\000\040\000F\000o\000u\000r\000i\000e\000r\000\040\000r\036\335\000i\000\040\000r\036\241\000c}{appendix.A}% 63
